[19:20:24] [ServerMain/INFO]: [bootstrap] Running Java 21 (OpenJDK 64-Bit Server VM 21.0.2+13-58; Oracle Corporation null) on Windows 10 10.0 (amd64)
[19:20:24] [ServerMain/INFO]: [bootstrap] Loading Purpur 1.21.11-2561-HEAD@f6242c0 (2026-02-08T00:05:02Z) for Minecraft 1.21.11
[19:20:25] [ServerMain/INFO]: [PluginInitializerManager] Initializing plugins...
[19:20:27] [ServerMain/INFO]: [PluginInitializerManager] Initialized 14 plugins
[19:20:27] [ServerMain/INFO]: [PluginInitializerManager] Paper plugins (3):
 - ExcellentEnchants (5.4.1), HidePlugins (2.1), nightcore (2.13.2)
[19:20:27] [ServerMain/INFO]: [PluginInitializerManager] Bukkit plugins (11):
 - AxGraves (1.26.1), CauldronConcrete (1.0.2.0), DragonHealthPlugin (1.0.0), ElytraVaults (1.1.2.0), PowerGems (3.6.2.1), ProtocolLib (5.4.0), SealLib (1.2.0.1), Sleeper (1.10.4), TimberPlus (1.0.0), VoidTotems (1.4.0), packetevents (2.11.2)
[19:20:32] [ServerMain/WARN]: You specified a resource pack without providing a sha1 hash. Pack will be updated on the client only if you change the name of the pack.
[19:20:32] [ServerMain/WARN]: resource-pack-id missing, using default of f5bab981-4560-331c-a587-07d42f515d66
[19:20:32] [ServerMain/INFO]: Environment: Environment[sessionHost=https://sessionserver.mojang.com, servicesHost=https://api.minecraftservices.com, profilesHost=https://api.mojang.com, name=PROD]
[19:20:32] [ServerMain/INFO]: Found new data pack file/ElytraVaultsHelper, loading it automatically
[19:20:34] [ServerMain/INFO]: Loaded 1470 recipes
[19:20:34] [ServerMain/INFO]: Loaded 1584 advancements
[19:20:34] [ServerMain/INFO]: [ca.spottedleaf.dataconverter.minecraft.datatypes.MCTypeRegistry] Initialising converters for DataConverter...
[19:20:34] [ServerMain/INFO]: [ca.spottedleaf.dataconverter.minecraft.datatypes.MCTypeRegistry] Finished initialising converters for DataConverter in 255.5ms
[19:20:35] [ServerMain/WARN]: You specified a resource pack without providing a sha1 hash. Pack will be updated on the client only if you change the name of the pack.
[19:20:35] [ServerMain/WARN]: resource-pack-id missing, using default of f5bab981-4560-331c-a587-07d42f515d66
[19:20:37] [Server thread/INFO]: Starting minecraft server version 1.21.11
[19:20:37] [Server thread/INFO]: Loading properties
[19:20:37] [Server thread/INFO]: This server is running Purpur version 1.21.11-2561-HEAD@f6242c0 (2026-02-08T00:05:02Z) (Implementing API version 1.21.11-R0.1-SNAPSHOT)
[19:20:37] [Server thread/INFO]: [spark] This server bundles the spark profiler. For more information please visit https://docs.papermc.io/paper/profiling
[19:20:37] [Server thread/INFO]: Server Ping Player Sample Count: 12
[19:20:37] [Server thread/INFO]: Using 4 threads for Netty based IO
[19:20:37] [Server thread/INFO]: [MoonriseCommon] Paper is using 3 worker threads, 1 I/O threads
[19:20:38] [Server thread/INFO]: Default game type: SURVIVAL
[19:20:38] [Server thread/INFO]: Generating keypair
[19:20:38] [Server thread/INFO]: Starting Minecraft server on *:25565
[19:20:38] [Server thread/INFO]: Paper: Using Java compression from Velocity.
[19:20:38] [Server thread/INFO]: Paper: Using Java cipher from Velocity.
[19:20:38] [Server thread/INFO]: [SpigotLibraryLoader] [SealLib] Loading 4 libraries... please wait
[19:20:39] [Server thread/INFO]: [SpigotLibraryLoader] [SealLib] Loaded library D:\Minecraft_Server_1.21.11\libraries\io\netty\netty-buffer\5.0.0.Alpha2\netty-buffer-5.0.0.Alpha2.jar
[19:20:39] [Server thread/INFO]: [SpigotLibraryLoader] [SealLib] Loaded library D:\Minecraft_Server_1.21.11\libraries\io\netty\netty-common\5.0.0.Alpha2\netty-common-5.0.0.Alpha2.jar
[19:20:39] [Server thread/INFO]: [SpigotLibraryLoader] [SealLib] Loaded library D:\Minecraft_Server_1.21.11\libraries\org\reflections\reflections\0.10.2\reflections-0.10.2.jar
[19:20:39] [Server thread/INFO]: [SpigotLibraryLoader] [SealLib] Loaded library D:\Minecraft_Server_1.21.11\libraries\org\javassist\javassist\3.28.0-GA\javassist-3.28.0-GA.jar
[19:20:39] [Server thread/INFO]: [SpigotLibraryLoader] [SealLib] Loaded library D:\Minecraft_Server_1.21.11\libraries\com\google\code\findbugs\jsr305\3.0.2\jsr305-3.0.2.jar
[19:20:39] [Server thread/INFO]: [SpigotLibraryLoader] [SealLib] Loaded library D:\Minecraft_Server_1.21.11\libraries\org\slf4j\slf4j-api\1.7.32\slf4j-api-1.7.32.jar
[19:20:39] [Server thread/INFO]: [SpigotLibraryLoader] [SealLib] Loaded library D:\Minecraft_Server_1.21.11\libraries\de\javagl\obj\0.4.0\obj-0.4.0.jar
[19:20:39] [Server thread/INFO]: [SpigotLibraryLoader] [SealLib] Loaded library D:\Minecraft_Server_1.21.11\libraries\com\esotericsoftware\kryo\5.6.2\kryo-5.6.2.jar
[19:20:39] [Server thread/INFO]: [SpigotLibraryLoader] [SealLib] Loaded library D:\Minecraft_Server_1.21.11\libraries\com\esotericsoftware\reflectasm\1.11.9\reflectasm-1.11.9.jar
[19:20:39] [Server thread/INFO]: [SpigotLibraryLoader] [SealLib] Loaded library D:\Minecraft_Server_1.21.11\libraries\org\objenesis\objenesis\3.4\objenesis-3.4.jar
[19:20:39] [Server thread/INFO]: [SpigotLibraryLoader] [SealLib] Loaded library D:\Minecraft_Server_1.21.11\libraries\com\esotericsoftware\minlog\1.3.1\minlog-1.3.1.jar
[19:20:39] [Server thread/INFO]: [ProtocolLib] Loading server plugin ProtocolLib v5.4.0
[19:20:39] [Server thread/WARN]: [ProtocolLib] Version (MC: 1.21.11) has not yet been tested! Proceed with caution.
[19:20:40] [Server thread/INFO]: [SealLib] Loading server plugin SealLib v1.2.0.1
[19:20:40] [Server thread/INFO]: [packetevents] Loading server plugin packetevents v2.11.2
[19:20:41] [Server thread/INFO]: [nightcore] Loading server plugin nightcore v2.13.2
[19:20:41] [Server thread/INFO]: [totem] Loading server plugin VoidTotems v1.4.0
[19:20:41] [Server thread/INFO]: [TimberPlus] Loading server plugin TimberPlus v1.0.0
[19:20:41] [Server thread/INFO]: [Sleeper] Loading server plugin Sleeper v1.10.4
[19:20:41] [Server thread/INFO]: [PowerGems] Loading server plugin PowerGems v3.6.2.1
[19:20:41] [Server thread/INFO]: [HidePlugins] Loading server plugin HidePlugins v2.1
[19:20:41] [Server thread/INFO]: [ExcellentEnchants] Loading server plugin ExcellentEnchants v5.4.1
[19:20:41] [Server thread/INFO]: [DerexXD] Loading server plugin ElytraVaults v1.1.2.0
[19:20:41] [Server thread/INFO]: [DragonHealthPlugin] Loading server plugin DragonHealthPlugin v1.0.0
[19:20:41] [Server thread/INFO]: [DerexXD] Loading server plugin CauldronConcrete v1.0.2.0
[19:20:41] [Server thread/INFO]: [AxGraves] Loading server plugin AxGraves v1.26.1
[19:20:41] [Server thread/INFO]: Server permissions file permissions.yml is empty, ignoring it
[19:20:41] [Server thread/INFO]: [ProtocolLib] Enabling ProtocolLib v5.4.0
[19:20:41] [Server thread/INFO]: [SealLib] Enabling SealLib v1.2.0.1
[19:20:41] [Server thread/INFO]: [SealLib] Checking Soft Dependencies...
[19:20:41] [Server thread/INFO]: [nightcore] Enabling nightcore v2.13.2
[19:20:41] [Server thread/INFO]: [nightcore] Server version detected as 1.21.11. Using paper-bridge.
[19:20:41] [Server thread/INFO]: Environment: Environment[sessionHost=https://sessionserver.mojang.com, servicesHost=https://api.minecraftservices.com, profilesHost=https://api.mojang.com, name=PROD]
[19:20:41] [Server thread/INFO]: [nightcore] Time zone set as Asia/Seoul
[19:20:42] [Server thread/INFO]: [nightcore] Loaded 2 color schemes.
[19:20:42] [Server thread/INFO]: [nightcore] Using 'custom' color scheme.
[19:20:42] [Server thread/INFO]: [nightcore] Registered item provider: 'vanilla'.
[19:20:42] [Server thread/INFO]: [nightcore] Currency registered: 'xp_level'.
[19:20:42] [Server thread/INFO]: [nightcore] Currency registered: 'gold'.
[19:20:42] [Server thread/INFO]: [nightcore] Currency registered: 'emerald'.
[19:20:42] [Server thread/INFO]: [nightcore] Currency registered: 'custom_diamond'.
[19:20:42] [Server thread/INFO]: [nightcore] Plugin loaded in 233 ms!
[19:20:42] [Server thread/INFO]: [PowerGems] Enabling PowerGems v3.6.2.1
[19:20:42] [Server thread/INFO]: [PowerGems] Initializing plugin
[19:20:42] [Server thread/INFO]: [PowerGems] All hard dependencies are satisfied.
[19:20:42] [Server thread/INFO]: [org.reflections.Reflections] Reflections took 55 ms to scan 1 urls, producing 1 keys and 10 values
[19:20:42] [Server thread/INFO]: [PowerGems] -----------------------------------------------------------------------------------------
[19:20:42] [Server thread/INFO]: [PowerGems] PowerGems v3.6.2.1
[19:20:42] [Server thread/INFO]: [PowerGems] Made by ISeal
[19:20:42] [Server thread/INFO]: [PowerGems] Loading in ko_KO locale
[19:20:42] [Server thread/INFO]: [PowerGems] Loading server version: 1.21.11-2561-f6242c0 (MC: 1.21.11)
[19:20:42] [Server thread/INFO]: [PowerGems] For info and to interact with the plugin, visit: https://discord.iseal.dev/
[19:20:42] [Server thread/INFO]: [PowerGems] -----------------------------------------------------------------------------------------
[19:20:42] [Server thread/INFO]: [dev.iseal.sealUtils.SealUtils] [SealUtils] Target file path: D:\Minecraft_Server_1.21.11\plugins\PowerGems\languages\Messages_ko_KO.properties
[19:20:42] [Server thread/INFO]: [dev.iseal.sealUtils.SealUtils] [SealUtils] Loaded language file: Messages_ko_KO.properties v2
[19:20:42] [Server thread/INFO]: [PowerGems] 리스너가 등록되었습니다.
[19:20:42] [Server thread/INFO]: [PowerGems] 명령어 등록 중...
[19:20:42] [Server thread/INFO]: [PowerGems] 명령어가 등록되었습니다.
[19:20:42] [Server thread/INFO]: [PowerGems] 메트릭 등록 중...
[19:20:42] [Server thread/INFO]: [PowerGems] 플러그인이 초기화되었습니다.
[19:20:42] [Server thread/INFO]: Preparing level "world"
[19:20:43] [Server thread/INFO]: Loading 0 persistent chunks for world 'minecraft:overworld'...
[19:20:43] [Server thread/INFO]: Preparing spawn area: 100%
[19:20:43] [Server thread/INFO]: Prepared spawn area in 2 ms
[19:20:43] [Server thread/INFO]: Loading 0 persistent chunks for world 'minecraft:the_nether'...
[19:20:43] [Server thread/INFO]: Prepared spawn area in 2 ms
[19:20:43] [Server thread/INFO]: Loading 0 persistent chunks for world 'minecraft:the_end'...
[19:20:43] [Server thread/INFO]: Prepared spawn area in 2 ms
[19:20:43] [Server thread/INFO]: Done preparing level "world" (1.116s)
[19:20:43] [Server thread/INFO]: [packetevents] Enabling packetevents v2.11.2
[19:20:43] [packetevents-update-check-thread/INFO]: [packetevents] Checking for updates, please wait...
[19:20:43] [Server thread/INFO]: [totem] Enabling VoidTotems v1.4.0
[19:20:43] [Server thread/INFO]: [totem] Void totem recipe loading...
[19:20:43] [Server thread/INFO]: [totem] Void totem recipe enabled!
[19:20:43] [Server thread/INFO]: [totem] Success!
[19:20:43] [Server thread/INFO]: [TimberPlus] Enabling TimberPlus v1.0.0
[19:20:43] [Server thread/INFO]: [TimberPlus] Paper/Spigot detected! Using standard scheduler.
[19:20:43] [Server thread/INFO]: [TimberPlus] Loaded language file: messages_ko.yml
[19:20:43] [Server thread/INFO]: [TimberPlus] Configuration files loaded successfully!
[19:20:43] [Server thread/INFO]: [com.melut.timberplus.libs.hikari.HikariDataSource] HikariPool-1 - Starting...
[19:20:43] [packetevents-update-check-thread/INFO]: [packetevents] You are running the latest release of PacketEvents. Your build: (2.11.2)
[19:20:44] [Server thread/INFO]: [com.melut.timberplus.libs.hikari.pool.HikariPool] HikariPool-1 - Added connection org.sqlite.jdbc4.JDBC4Connection@24c5dbc9
[19:20:44] [Server thread/INFO]: [com.melut.timberplus.libs.hikari.HikariDataSource] HikariPool-1 - Start completed.
[19:20:44] [Server thread/INFO]: [TimberPlus] Database connection pool initialized!
[19:20:44] [Server thread/INFO]: [TimberPlus] Database tables created/verified successfully!
[19:20:44] [Server thread/INFO]: [TimberPlus] Database initialized successfully!
[19:20:44] [Server thread/INFO]: [TimberPlus] Database initialized successfully!
[19:20:44] [Server thread/INFO]: [TimberPlus] Commands registered successfully!
[19:20:44] [Server thread/INFO]: [TimberPlus] Event listeners registered successfully!
[19:20:44] [Server thread/INFO]: [TimberPlus] PlaceholderAPI not found, skipping placeholder registration.
[19:20:44] [Server thread/INFO]: [TimberPlus] Mini Game Manager initialized!
[19:20:44] [Server thread/INFO]: [TimberPlus] TimberPlus has been enabled successfully!
[19:20:44] [Server thread/INFO]: [TimberPlus] Version: 1.0.0
[19:20:44] [Server thread/INFO]: [TimberPlus] Folia Support: Disabled
[19:20:44] [Server thread/INFO]: [Sleeper] Enabling Sleeper v1.10.4
[19:20:44] [Server thread/INFO]: [Sleeper] Sleeper Version 1.10.4 Has Been Enabled!
[19:20:44] [Server thread/INFO]: [Sleeper] Found no plugin integrations.
[19:20:44] [Server thread/INFO]: [HidePlugins] Enabling HidePlugins v2.1
[19:20:44] [Server thread/INFO]: [HidePlugins] [ACF] Enabled Asynchronous Tab Completion Support!
[19:20:44] [Server thread/INFO]: [ExcellentEnchants] Enabling ExcellentEnchants v5.4.1
[19:20:44] [Server thread/INFO]: [ExcellentEnchants] Powered by nightcore
[19:20:44] [Server thread/INFO]: [ExcellentEnchants] Using tooltip handler: packetevents
[19:20:44] [Server thread/INFO]: [ExcellentEnchants] Loaded 81 enchantments.
[19:20:44] [Server thread/INFO]: [ExcellentEnchants] Plugin loaded in 247 ms!
[19:20:44] [Server thread/INFO]: [DerexXD] Enabling ElytraVaults v1.1.2.0
[19:20:44] [Server thread/INFO]: [DerexXD] Datapack 'ElytraVaultsHelper' already exists in world datapacks
[19:20:44] [Server thread/INFO]: 
[19:20:44] [Server thread/INFO]:   |_______|                               
[19:20:44] [Server thread/INFO]:   | Derex |     Elytra Vaults v1.1.2.0
[19:20:44] [Server thread/INFO]:   |_______|     Original by atlasplays
[19:20:44] [Server thread/INFO]:   |_______|     Running on Purpur - 1.21.11-2561-f6242c0 (MC: 1.21.11)
[19:20:44] [Server thread/INFO]: 
[19:20:44] [Server thread/INFO]: [DragonHealthPlugin] Enabling DragonHealthPlugin v1.0.0
[19:20:44] [Server thread/INFO]: [DragonHealthPlugin] DragonHealthPlugin enabled! Ender Dragon health set to 600.0
[19:20:44] [Server thread/INFO]: [DerexXD] Enabling CauldronConcrete v1.0.2.0
[19:20:44] [Server thread/INFO]: 
[19:20:44] [Server thread/INFO]:   |_______|                               
[19:20:44] [Server thread/INFO]:   | Derex |     Cauldron Concrete v1.0.2.0
[19:20:44] [Server thread/INFO]:   |_______|     Running on Purpur - 1.21.11-2561-f6242c0 (MC: 1.21.11)
[19:20:44] [Server thread/INFO]: 
[19:20:44] [Server thread/INFO]: [AxGraves] Enabling AxGraves v1.26.1
[19:20:45] [Server thread/INFO]: [spark] Starting background profiler...
[19:20:45] [Server thread/INFO]: [spark] The async-profiler engine is not supported for your os/arch (windows10/amd64), so the built-in Java engine will be used instead.
[19:20:45] [Server thread/INFO]: [org.reflections.Reflections] Reflections took 3 ms to scan 1 urls, producing 3 keys and 15 values
[19:20:45] [Server thread/INFO]: [PowerGems] Registered gem: Fire
[19:20:45] [Server thread/INFO]: [PowerGems] Registered gem: Lava
[19:20:45] [Server thread/INFO]: [PowerGems] Registered gem: Sand
[19:20:45] [Server thread/INFO]: [PowerGems] Registered gem: Ice
[19:20:45] [Server thread/INFO]: [PowerGems] Registered gem: Lightning
[19:20:45] [Server thread/INFO]: [PowerGems] Registered gem: Water
[19:20:45] [Server thread/INFO]: [PowerGems] Registered gem: Air
[19:20:45] [Server thread/INFO]: [PowerGems] Registered gem: Healing
[19:20:45] [Server thread/INFO]: [PowerGems] Registered gem: Strength
[19:20:45] [Server thread/INFO]: [PowerGems] Registered gem: Iron
[19:20:45] [Server thread/INFO]: [PowerGems] 업그레이드 레시피 생성 중...
[19:20:45] [Server thread/INFO]: [PowerGems] 업그레이드 레시피가 생성되었습니다.
[19:20:45] [Server thread/INFO]: [PowerGems] 제작 레시피 생성 중...
[19:20:45] [Server thread/INFO]: [PowerGems] 제작 레시피가 생성되었습니다.
[19:20:45] [Server thread/INFO]: Running delayed init tasks
[19:20:45] [Server thread/INFO]: Done (22.016s)! For help, type "help"
[19:20:46] [Analytics-Sender-PowerGems/INFO]: [PowerGems] Config checksum event sent successfully
[19:20:46] [Server thread/INFO]: There are 4 data pack(s) enabled: [vanilla (built-in)], [file/bukkit (world)], [paper (built-in)], [file/ElytraVaultsHelper (world)]
[19:20:46] [Server thread/INFO]: There are no more data packs available
[19:20:46] [Server thread/INFO]: Pack 'file/ElytraVaultsHelper' is already enabled!
[19:20:46] [Server thread/INFO]: [DerexXD] Datapack enabled
[19:21:14] [Server thread/INFO]: Stopping the server
[19:21:14] [Server thread/INFO]: Stopping server
[19:21:14] [Server thread/INFO]: [AxGraves] Disabling AxGraves v1.26.1
[19:21:14] [Server thread/INFO]: [DerexXD] Disabling CauldronConcrete v1.0.2.0
[19:21:14] [Server thread/INFO]: [DragonHealthPlugin] Disabling DragonHealthPlugin v1.0.0
[19:21:14] [Server thread/INFO]: [DragonHealthPlugin] DragonHealthPlugin disabled!
[19:21:14] [Server thread/INFO]: [DerexXD] Disabling ElytraVaults v1.1.2.0
[19:21:14] [Server thread/INFO]: [ExcellentEnchants] Disabling ExcellentEnchants v5.4.1
[19:21:14] [Server thread/INFO]: [HidePlugins] Disabling HidePlugins v2.1
[19:21:14] [Server thread/INFO]: [PowerGems] Disabling PowerGems v3.6.2.1
[19:21:14] [Server thread/INFO]: [PowerGems] Shutting down!
[19:21:14] [Server thread/INFO]: [Sleeper] Disabling Sleeper v1.10.4
[19:21:14] [Server thread/INFO]: [Sleeper] Sleeper Has Been Disabled!
[19:21:14] [Server thread/INFO]: [TimberPlus] Disabling TimberPlus v1.0.0
[19:21:14] [Server thread/INFO]: [TimberPlus] Mini Game Manager shut down!
[19:21:14] [Server thread/INFO]: [com.melut.timberplus.libs.hikari.HikariDataSource] HikariPool-1 - Shutdown initiated...
[19:21:14] [Server thread/INFO]: [com.melut.timberplus.libs.hikari.HikariDataSource] HikariPool-1 - Shutdown completed.
[19:21:14] [Server thread/INFO]: [TimberPlus] Database connection pool closed!
[19:21:14] [Server thread/INFO]: [TimberPlus] TimberPlus has been disabled successfully!
[19:21:14] [Server thread/INFO]: [totem] Disabling VoidTotems v1.4.0
[19:21:14] [Server thread/INFO]: [totem] Plugin Disabling, Goodbye! :)
[19:21:14] [Server thread/INFO]: [nightcore] Disabling nightcore v2.13.2
[19:21:14] [Server thread/INFO]: [packetevents] Disabling packetevents v2.11.2
[19:21:14] [Server thread/INFO]: [SealLib] Disabling SealLib v1.2.0.1
[19:21:14] [Server thread/INFO]: [ProtocolLib] Disabling ProtocolLib v5.4.0
[19:21:14] [Server thread/INFO]: Saving players
[19:21:14] [Server thread/INFO]: Saving worlds
[19:21:14] [Server thread/INFO]: Saving chunks for level 'ServerLevel[world]'/minecraft:overworld
[19:21:14] [Server thread/INFO]: [ChunkHolderManager] Waiting 60s for chunk system to halt for world 'world'
[19:21:14] [Server thread/INFO]: [ChunkHolderManager] Halted chunk system for world 'world'
[19:21:14] [Server thread/INFO]: [ChunkHolderManager] Saving all chunkholders for world 'world'
[19:21:14] [Server thread/INFO]: [ChunkHolderManager] Saved 0 block chunks, 0 entity chunks, 0 poi chunks in world 'world' in 0.00s
[19:21:14] [Server thread/INFO]: [ChunkHolderManager] Waiting 60s for chunk I/O to halt for world 'world'
[19:21:14] [Server thread/INFO]: [ChunkHolderManager] Halted I/O scheduler for world 'world'
[19:21:15] [Server thread/INFO]: Saving chunks for level 'ServerLevel[world_nether]'/minecraft:the_nether
[19:21:15] [Server thread/INFO]: [ChunkHolderManager] Waiting 60s for chunk system to halt for world 'world_nether'
[19:21:15] [Server thread/INFO]: [ChunkHolderManager] Halted chunk system for world 'world_nether'
[19:21:15] [Server thread/INFO]: [ChunkHolderManager] Saving all chunkholders for world 'world_nether'
[19:21:15] [Server thread/INFO]: [ChunkHolderManager] Saved 0 block chunks, 0 entity chunks, 0 poi chunks in world 'world_nether' in 0.00s
[19:21:15] [Server thread/INFO]: [ChunkHolderManager] Waiting 60s for chunk I/O to halt for world 'world_nether'
[19:21:15] [Server thread/INFO]: [ChunkHolderManager] Halted I/O scheduler for world 'world_nether'
[19:21:15] [Server thread/INFO]: Saving chunks for level 'ServerLevel[world_the_end]'/minecraft:the_end
[19:21:15] [Server thread/INFO]: [ChunkHolderManager] Waiting 60s for chunk system to halt for world 'world_the_end'
[19:21:15] [Server thread/INFO]: [ChunkHolderManager] Halted chunk system for world 'world_the_end'
[19:21:15] [Server thread/INFO]: [ChunkHolderManager] Saving all chunkholders for world 'world_the_end'
[19:21:15] [Server thread/INFO]: [ChunkHolderManager] Saved 0 block chunks, 0 entity chunks, 0 poi chunks in world 'world_the_end' in 0.00s
[19:21:15] [Server thread/INFO]: [ChunkHolderManager] Waiting 60s for chunk I/O to halt for world 'world_the_end'
[19:21:15] [Server thread/INFO]: [ChunkHolderManager] Halted I/O scheduler for world 'world_the_end'
[19:21:15] [Server thread/INFO]: ThreadedAnvilChunkStorage (world): All chunks are saved
[19:21:15] [Server thread/INFO]: ThreadedAnvilChunkStorage (DIM-1): All chunks are saved
[19:21:15] [Server thread/INFO]: ThreadedAnvilChunkStorage (DIM1): All chunks are saved
[19:21:15] [Server thread/INFO]: ThreadedAnvilChunkStorage: All dimensions are saved
[19:21:15] [Server thread/INFO]: Waiting for all RegionFile I/O tasks to complete...
[19:21:15] [Server thread/INFO]: All RegionFile I/O tasks to complete
[19:21:15] [Server thread/INFO]: [MoonriseCommon] Awaiting termination of worker pool for up to 60s...
[19:21:15] [Server thread/INFO]: [MoonriseCommon] Awaiting termination of I/O pool for up to 60s...
[19:21:15] [Thread-7/INFO]: [dev.iseal.sealUtils.SealUtils] [AnalyticsManager] JVM shutting down, waiting for analytics tasks to complete...
